<?xml version="1.0" encoding="UTF-8"?>
<!-- Generated by org.testng.reporters.JUnitReportReporter -->
<testsuite hostname="DESKTOP-2PIKAKN" failures="0" tests="1" name="com.learnerhub.testcases.TC001_JustLogin" time="137.177" errors="0" timestamp="2023-09-16T18:16:41 IST" skipped="0">
  <testcase classname="com.learnerhub.testcases.TC001_JustLogin" name="runLogin" time="137.177"/>
  <system-out/>
</testsuite> <!-- com.learnerhub.testcases.TC001_JustLogin -->
